<?xml version="1.0" encoding="UTF-8"?>
<!-- Generated by org.testng.reporters.JUnitXMLReporter -->
<testsuite ignored="0" hostname="TYSS-Piyush-Baldaniya" failures="0" tests="2" name="Default test" time="5.224" errors="0" timestamp="2026-05-26T14:24:20 IST">
  <testcase classname="io.cucumber.testng.AbstractTestNGCucumberTests" name="runScenario" time="2.814"/>
  <testcase classname="io.cucumber.testng.AbstractTestNGCucumberTests" name="runScenario" time="2.139"/>
</testsuite> <!-- Default test -->
